<?xml version="1.0" encoding="UTF-8" ?>
<testsuite tests="6" failures="0" name="GetraenkeautomatTest" time="0.006" errors="0" skipped="0">
  <properties>
[...]
</properties>
  <testcase classname="GetraenkeautomatTest" name="testGetraenkAutomatCoinsInserted" time="0.004"/>
  <testcase classname="GetraenkeautomatTest" name="testGetraenkAutomatItemSelectedCorrectly" time="0"/>
  <testcase classname="GetraenkeautomatTest" name="testGetraenkAutomatItemSelectedInCorrectly" time="0"/>
  <testcase classname="GetraenkeautomatTest" name="testGetraenkAutomatSelectAndCheckout6Times" time="0.001"/>
  <testcase classname="GetraenkeautomatTest" name="testGetraenkAutomatSelectAndCheckout" time="0.001"/>
  <testcase classname="GetraenkeautomatTest" name="testGetraenkAutomatIsCorrectlyInitialised" time="0"/>
</testsuite>